0 info it worked if it ends with ok
1 verbose cli [ '/home/vagrant/.nvm/versions/node/v7.1.0/bin/node',
1 verbose cli   '/home/vagrant/.nvm/versions/node/v7.1.0/bin/npm',
1 verbose cli   'run',
1 verbose cli   'watch' ]
2 info using npm@3.10.9
3 info using node@v7.1.0
4 verbose run-script [ 'prewatch', 'watch', 'postwatch' ]
5 info lifecycle @1dv022/jekyll-boilerplate@1.0.0~prewatch: @1dv022/jekyll-boilerplate@1.0.0
6 silly lifecycle @1dv022/jekyll-boilerplate@1.0.0~prewatch: no script for prewatch, continuing
7 info lifecycle @1dv022/jekyll-boilerplate@1.0.0~watch: @1dv022/jekyll-boilerplate@1.0.0
8 verbose lifecycle @1dv022/jekyll-boilerplate@1.0.0~watch: unsafe-perm in lifecycle true
9 verbose lifecycle @1dv022/jekyll-boilerplate@1.0.0~watch: PATH: /home/vagrant/.nvm/versions/node/v7.1.0/lib/node_modules/npm/bin/node-gyp-bin:/vagrant/node_modules/.bin:/home/vagrant/.rvm/gems/ruby-2.3.0/bin:/home/vagrant/.rvm/gems/ruby-2.3.0@global/bin:/home/vagrant/.rvm/rubies/ruby-2.3.0/bin:/home/vagrant/.nvm/versions/node/v7.1.0/bin:/usr/local/sbin:/usr/local/bin:/usr/sbin:/usr/bin:/sbin:/bin:/usr/games:/opt/vagrant_ruby/bin:/vagrant/node_modules/.bin:/home/vagrant/.rvm/bin:/home/vagrant/.rvm/bin
10 verbose lifecycle @1dv022/jekyll-boilerplate@1.0.0~watch: CWD: /vagrant
11 silly lifecycle @1dv022/jekyll-boilerplate@1.0.0~watch: Args: [ '-c',
11 silly lifecycle   'bundle exec jekyll serve --host=0.0.0.0 --source ./src --force_polling' ]
12 silly lifecycle @1dv022/jekyll-boilerplate@1.0.0~watch: Returned: code: 1  signal: null
13 info lifecycle @1dv022/jekyll-boilerplate@1.0.0~watch: Failed to exec watch script
14 verbose stack Error: @1dv022/jekyll-boilerplate@1.0.0 watch: `bundle exec jekyll serve --host=0.0.0.0 --source ./src --force_polling`
14 verbose stack Exit status 1
14 verbose stack     at EventEmitter.<anonymous> (/home/vagrant/.nvm/versions/node/v7.1.0/lib/node_modules/npm/lib/utils/lifecycle.js:255:16)
14 verbose stack     at emitTwo (events.js:106:13)
14 verbose stack     at EventEmitter.emit (events.js:191:7)
14 verbose stack     at ChildProcess.<anonymous> (/home/vagrant/.nvm/versions/node/v7.1.0/lib/node_modules/npm/lib/utils/spawn.js:40:14)
14 verbose stack     at emitTwo (events.js:106:13)
14 verbose stack     at ChildProcess.emit (events.js:191:7)
14 verbose stack     at maybeClose (internal/child_process.js:885:16)
14 verbose stack     at Process.ChildProcess._handle.onexit (internal/child_process.js:226:5)
15 verbose pkgid @1dv022/jekyll-boilerplate@1.0.0
16 verbose cwd /vagrant/src
17 error Linux 3.2.0-23-generic-pae
18 error argv "/home/vagrant/.nvm/versions/node/v7.1.0/bin/node" "/home/vagrant/.nvm/versions/node/v7.1.0/bin/npm" "run" "watch"
19 error node v7.1.0
20 error npm  v3.10.9
21 error code ELIFECYCLE
22 error @1dv022/jekyll-boilerplate@1.0.0 watch: `bundle exec jekyll serve --host=0.0.0.0 --source ./src --force_polling`
22 error Exit status 1
23 error Failed at the @1dv022/jekyll-boilerplate@1.0.0 watch script 'bundle exec jekyll serve --host=0.0.0.0 --source ./src --force_polling'.
23 error Make sure you have the latest version of node.js and npm installed.
23 error If you do, this is most likely a problem with the @1dv022/jekyll-boilerplate package,
23 error not with npm itself.
23 error Tell the author that this fails on your system:
23 error     bundle exec jekyll serve --host=0.0.0.0 --source ./src --force_polling
23 error You can get information on how to open an issue for this project with:
23 error     npm bugs @1dv022/jekyll-boilerplate
23 error Or if that isn't available, you can get their info via:
23 error     npm owner ls @1dv022/jekyll-boilerplate
23 error There is likely additional logging output above.
24 verbose exit [ 1, true ]
